2018-10-27 21:06:50,988 - com.capgemini.contactbook.ui.Client - INFO - log4j file loaded...
2018-10-27 21:06:50,988 - com.capgemini.contactbook.ui.Client - INFO - inside main method
2018-10-27 21:32:46,652 - com.capgemini.contactbook.ui.Client - INFO - log4j file loaded...
2018-10-27 21:32:46,652 - com.capgemini.contactbook.ui.Client - INFO - inside main method
2018-10-27 21:33:11,578 - com.capgemini.contactbook.ui.Client - INFO - log4j file loaded...
2018-10-27 21:33:11,578 - com.capgemini.contactbook.ui.Client - INFO - inside main method
2018-10-27 21:33:45,090 - com.capgemini.contactbook.dao.ContactBookDaoImpl - INFO - in add patient  deatils  method..
2018-10-27 21:33:45,857 - com.capgemini.contactbook.dao.ContactBookDaoImpl - ERROR - statement not created..
2018-10-27 21:37:06,355 - com.capgemini.contactbook.ui.Client - INFO - log4j file loaded...
2018-10-27 21:37:06,355 - com.capgemini.contactbook.ui.Client - INFO - inside main method
2018-10-27 21:37:36,937 - com.capgemini.contactbook.dao.ContactBookDaoImpl - INFO - in add patient  deatils  method..
2018-10-27 21:37:37,688 - com.capgemini.contactbook.dao.ContactBookDaoImpl - ERROR - statement not created..
2018-10-27 21:38:41,250 - com.capgemini.contactbook.ui.Client - INFO - log4j file loaded...
2018-10-27 21:38:41,250 - com.capgemini.contactbook.ui.Client - INFO - inside main method
2018-10-27 21:38:59,299 - com.capgemini.contactbook.dao.ContactBookDaoImpl - INFO - in add patient  deatils  method..
2018-10-27 21:39:00,018 - com.capgemini.contactbook.dao.ContactBookDaoImpl - ERROR - statement not created..
2018-10-27 21:39:57,687 - com.capgemini.contactbook.ui.Client - INFO - log4j file loaded...
2018-10-27 21:39:57,687 - com.capgemini.contactbook.ui.Client - INFO - inside main method
2018-10-27 21:40:22,908 - com.capgemini.contactbook.dao.ContactBookDaoImpl - INFO - in add patient  deatils  method..
2018-10-27 21:42:24,904 - com.capgemini.contactbook.ui.Client - INFO - log4j file loaded...
2018-10-27 21:42:24,904 - com.capgemini.contactbook.ui.Client - INFO - inside main method
2018-10-27 21:42:44,078 - com.capgemini.contactbook.dao.ContactBookDaoImpl - INFO - in add patient  deatils  method..
2018-10-27 21:44:37,453 - com.capgemini.contactbook.ui.Client - INFO - log4j file loaded...
2018-10-27 21:44:37,453 - com.capgemini.contactbook.ui.Client - INFO - inside main method
2018-10-27 21:44:49,881 - com.capgemini.contactbook.ui.Client - INFO - log4j file loaded...
2018-10-27 21:44:49,881 - com.capgemini.contactbook.ui.Client - INFO - inside main method
2018-10-27 21:45:14,355 - com.capgemini.contactbook.dao.ContactBookDaoImpl - INFO - in add patient  deatils  method..
2018-10-27 21:46:27,939 - com.capgemini.contactbook.ui.Client - INFO - log4j file loaded...
2018-10-27 21:46:27,939 - com.capgemini.contactbook.ui.Client - INFO - inside main method
2018-10-27 21:46:46,098 - com.capgemini.contactbook.dao.ContactBookDaoImpl - INFO - in add patient  deatils  method..
2018-10-27 21:47:01,399 - com.capgemini.contactbook.dao.ContactBookDaoImpl - INFO - in getting enquiry details  mehtod..
2018-10-27 21:47:22,651 - com.capgemini.contactbook.ui.Client - INFO - log4j file loaded...
2018-10-27 21:47:22,651 - com.capgemini.contactbook.ui.Client - INFO - inside main method
2018-10-27 21:47:38,812 - com.capgemini.contactbook.dao.ContactBookDaoImpl - INFO - in add patient  deatils  method..
2018-10-27 21:48:10,798 - com.capgemini.contactbook.ui.Client - INFO - log4j file loaded...
2018-10-27 21:48:10,798 - com.capgemini.contactbook.ui.Client - INFO - inside main method
2018-10-27 21:48:28,470 - com.capgemini.contactbook.dao.ContactBookDaoImpl - INFO - in add patient  deatils  method..
2019-01-05 14:36:36,169 - com.capgemini.contactbook.ui.Client - INFO - log4j file loaded...
2019-01-05 14:36:36,169 - com.capgemini.contactbook.ui.Client - INFO - inside main method
2019-01-05 14:37:42,373 - com.capgemini.contactbook.dao.ContactBookDaoImpl - INFO - in add patient  deatils  method..
2019-01-05 14:40:11,823 - com.capgemini.contactbook.ui.Client - INFO - log4j file loaded...
2019-01-05 14:40:11,823 - com.capgemini.contactbook.ui.Client - INFO - inside main method
2019-01-05 14:40:35,127 - com.capgemini.contactbook.dao.ContactBookDaoImpl - INFO - in add patient  deatils  method..
2019-01-05 14:41:57,690 - com.capgemini.contactbook.ui.Client - INFO - log4j file loaded...
2019-01-05 14:41:57,690 - com.capgemini.contactbook.ui.Client - INFO - inside main method
2019-01-05 14:42:16,835 - com.capgemini.contactbook.dao.ContactBookDaoImpl - INFO - in add patient  deatils  method..
2019-01-05 14:43:26,391 - com.capgemini.contactbook.ui.Client - INFO - log4j file loaded...
2019-01-05 14:43:26,391 - com.capgemini.contactbook.ui.Client - INFO - inside main method
2019-01-05 14:44:11,235 - com.capgemini.contactbook.dao.ContactBookDaoImpl - INFO - in add patient  deatils  method..
2019-01-05 14:46:08,189 - com.capgemini.contactbook.ui.Client - INFO - log4j file loaded...
2019-01-05 14:46:08,189 - com.capgemini.contactbook.ui.Client - INFO - inside main method
2019-01-05 14:46:28,791 - com.capgemini.contactbook.dao.ContactBookDaoImpl - INFO - in add patient  deatils  method..
2019-01-05 14:46:29,572 - com.capgemini.contactbook.dao.ContactBookDaoImpl - ERROR - statement not created..
2019-01-05 14:57:08,203 - com.capgemini.contactbook.dao.ContactBookDaoImpl - INFO - in getting enquiry details  mehtod..
2019-01-05 14:57:08,349 - com.capgemini.contactbook.dao.ContactBookDaoImpl - ERROR - in enquiry details method ex is: Exhausted Resultset
2019-01-05 14:58:03,915 - com.capgemini.contactbook.dao.ContactBookDaoImpl - INFO - in add patient  deatils  method..
2019-01-05 14:58:03,993 - com.capgemini.contactbook.dao.ContactBookDaoImpl - ERROR - statement not created..
2019-01-05 15:27:37,431 - com.capgemini.contactbook.ui.Client - INFO - log4j file loaded...
2019-01-05 15:27:37,431 - com.capgemini.contactbook.ui.Client - INFO - inside main method
2019-01-05 15:27:57,020 - com.capgemini.contactbook.dao.ContactBookDaoImpl - INFO - in add patient  deatils  method..
2019-01-05 15:27:57,785 - com.capgemini.contactbook.dao.ContactBookDaoImpl - ERROR - statement not created..
2019-01-05 15:32:19,798 - com.capgemini.contactbook.ui.Client - INFO - log4j file loaded...
2019-01-05 15:32:19,798 - com.capgemini.contactbook.ui.Client - INFO - inside main method
2019-01-05 15:33:05,643 - com.capgemini.contactbook.dao.ContactBookDaoImpl - INFO - in add patient  deatils  method..
2019-01-05 15:33:28,581 - com.capgemini.contactbook.dao.ContactBookDaoImpl - INFO - in getting enquiry details  mehtod..
2019-01-05 15:33:38,496 - com.capgemini.contactbook.dao.ContactBookDaoImpl - INFO - in getting enquiry details  mehtod..
2019-01-05 15:33:38,561 - com.capgemini.contactbook.dao.ContactBookDaoImpl - ERROR - in enquiry details method ex is: Exhausted Resultset
2019-01-06 11:05:56,881 - com.capgemini.contactbook.ui.Client - INFO - log4j file loaded...
2019-01-06 11:05:56,882 - com.capgemini.contactbook.ui.Client - INFO - inside main method
2019-01-06 11:06:31,358 - com.capgemini.contactbook.dao.ContactBookDaoImpl - INFO - in add patient  deatils  method..
2019-01-06 11:06:34,301 - com.capgemini.contactbook.dao.ContactBookDaoImpl - ERROR - statement not created..
2019-01-06 15:57:35,778 - com.capgemini.contactbook.ui.Client - INFO - log4j file loaded...
2019-01-06 15:57:35,781 - com.capgemini.contactbook.ui.Client - INFO - inside main method
2019-01-06 15:58:43,187 - com.capgemini.contactbook.dao.ContactBookDaoImpl - INFO - in add patient  deatils  method..
2019-01-06 15:58:46,245 - com.capgemini.contactbook.dao.ContactBookDaoImpl - ERROR - statement not created..
2019-01-06 16:01:26,517 - com.capgemini.contactbook.ui.Client - INFO - log4j file loaded...
2019-01-06 16:01:26,519 - com.capgemini.contactbook.ui.Client - INFO - inside main method
2019-01-06 16:02:43,139 - com.capgemini.contactbook.ui.Client - INFO - log4j file loaded...
2019-01-06 16:02:43,141 - com.capgemini.contactbook.ui.Client - INFO - inside main method
2019-01-06 16:04:15,605 - com.capgemini.contactbook.ui.Client - INFO - log4j file loaded...
2019-01-06 16:04:15,608 - com.capgemini.contactbook.ui.Client - INFO - inside main method
2019-01-06 16:05:07,822 - com.capgemini.contactbook.ui.Client - INFO - log4j file loaded...
2019-01-06 16:05:07,824 - com.capgemini.contactbook.ui.Client - INFO - inside main method
2019-01-06 20:34:21,452 - com.capgemini.contactbook.ui.Client - INFO - log4j file loaded...
2019-01-06 20:34:21,454 - com.capgemini.contactbook.ui.Client - INFO - inside main method
2019-01-06 20:37:24,619 - com.capgemini.contactbook.ui.Client - INFO - log4j file loaded...
2019-01-06 20:37:24,622 - com.capgemini.contactbook.ui.Client - INFO - inside main method
2019-01-06 20:39:49,190 - com.capgemini.contactbook.ui.Client - INFO - log4j file loaded...
2019-01-06 20:39:49,192 - com.capgemini.contactbook.ui.Client - INFO - inside main method
2019-01-06 20:40:36,082 - com.capgemini.contactbook.ui.Client - INFO - log4j file loaded...
2019-01-06 20:40:36,084 - com.capgemini.contactbook.ui.Client - INFO - inside main method
2019-01-06 20:40:52,535 - com.capgemini.contactbook.dao.ContactBookDaoImpl - INFO - in add patient  deatils  method..
2019-01-06 20:40:55,574 - com.capgemini.contactbook.dao.ContactBookDaoImpl - ERROR - statement not created..
2019-01-06 20:41:37,383 - com.capgemini.contactbook.ui.Client - INFO - log4j file loaded...
2019-01-06 20:41:37,384 - com.capgemini.contactbook.ui.Client - INFO - inside main method
2019-01-06 20:42:46,091 - com.capgemini.contactbook.ui.Client - INFO - log4j file loaded...
2019-01-06 20:42:46,093 - com.capgemini.contactbook.ui.Client - INFO - inside main method
2019-01-06 20:45:09,854 - com.capgemini.contactbook.ui.Client - INFO - log4j file loaded...
2019-01-06 20:45:09,856 - com.capgemini.contactbook.ui.Client - INFO - inside main method
2019-01-06 20:46:24,268 - com.capgemini.contactbook.ui.Client - INFO - log4j file loaded...
2019-01-06 20:46:24,270 - com.capgemini.contactbook.ui.Client - INFO - inside main method
2019-01-06 20:46:39,850 - com.capgemini.contactbook.dao.ContactBookDaoImpl - INFO - in add patient  deatils  method..
2019-01-06 20:47:07,938 - com.capgemini.contactbook.ui.Client - INFO - log4j file loaded...
2019-01-06 20:47:07,940 - com.capgemini.contactbook.ui.Client - INFO - inside main method
2019-01-06 20:47:23,253 - com.capgemini.contactbook.dao.ContactBookDaoImpl - INFO - in add patient  deatils  method..
2019-01-06 20:47:49,800 - com.capgemini.contactbook.dao.ContactBookDaoImpl - INFO - in getting enquiry details  mehtod..
2019-01-07 06:44:10,680 - com.capgemini.contactbook.ui.Client - INFO - log4j file loaded...
2019-01-07 06:44:10,682 - com.capgemini.contactbook.ui.Client - INFO - inside main method
2019-01-07 06:44:45,310 - com.capgemini.contactbook.dao.ContactBookDaoImpl - INFO - in add patient  deatils  method..
2019-01-07 06:44:58,810 - com.capgemini.contactbook.dao.ContactBookDaoImpl - INFO - in getting enquiry details  mehtod..
